<?xml version="1.0" encoding="UTF-8"?>
<!-- Generated by org.testng.reporters.JUnitXMLReporter -->
<testsuite ignored="0" hostname="DESKTOP-F82TH42" failures="0" tests="3" name="Submit Order Test" time="44.242" errors="0" timestamp="2024-11-17T21:04:31 IST">
  <testcase classname="krishna.Tests.SubmitOrderTest" name="submitOrder" time="15.4"/>
  <testcase classname="krishna.Tests.SubmitOrderTest" name="submitOrder" time="14.927"/>
  <testcase classname="krishna.Tests.SubmitOrderTest" name="OrderHistoryTest" time="0.927"/>
</testsuite> <!-- Submit Order Test -->
